#
# A fatal error has been detected by the Java Runtime Environment:
#
#  Internal Error (javaClasses.cpp:129), pid=6958, tid=3060460352
#  fatal error: Invalid layout of preloaded class
#
# JRE version: 7.0_09-b30
# Java VM: OpenJDK Server VM (23.2-b09 mixed mode linux-x86 )
# Failed to write core dump. Core dumps have been disabled. To enable core dumping, try "ulimit -c unlimited" before starting Java again
#
# If you would like to submit a bug report, please include
# instructions on how to reproduce the bug and visit:
#   https://bugs.launchpad.net/ubuntu/+source/openjdk-7/
#

---------------  T H R E A D  ---------------

Current thread (0xb6506800):  JavaThread "Unknown thread" [_thread_in_vm, id=6963, stack(0xb665e000,0xb66af000)]

Stack: [0xb665e000,0xb66af000]

[error occurred during error reporting (printing native stack), id 0xb]


---------------  P R O C E S S  ---------------

Java Threads: ( => current thread )

Other Threads:

=>0xb6506800 (exited) JavaThread "Unknown thread" [_thread_in_vm, id=6963, stack(0xb665e000,0xb66af000)]

VM state:not at safepoint (not fully initialized)

VM Mutex/Monitor currently owned by a thread: None

GC Heap History (0 events):
No events

Deoptimization events (0 events):
No events

Internal exceptions (0 events):
No events

Events (10 events):
Event: 0.017 loading class 0xb65319d8 done
Event: 0.017 loading class 0xb6531318 done
Event: 0.017 loading class 0xb65312f0
Event: 0.017 loading class 0xb65511b8
Event: 0.017 loading class 0xb65511b8 done
Event: 0.017 loading class 0xb65511f0
Event: 0.017 loading class 0xb65511f0 done
Event: 0.018 loading class 0xb6551228
Event: 0.018 loading class 0xb6551228 done
Event: 0.018 loading class 0xb65312f0 done


Dynamic libraries:
08048000-08049000 r-xp 00000000 08:06 663703     /usr/lib/jvm/java-7-openjdk-i386/jre/bin/java
08049000-0804a000 r--p 00000000 08:06 663703     /usr/lib/jvm/java-7-openjdk-i386/jre/bin/java
0804a000-0804b000 rw-p 00001000 08:06 663703     /usr/lib/jvm/java-7-openjdk-i386/jre/bin/java
08b09000-08b2a000 rw-p 00000000 00:00 0          [heap]
892d7000-892fb000 rw-p 00000000 00:00 0 
892fb000-893c0000 r--s 0115c000 08:06 1052076    /home/elotro/Desktop/adt-bundle-linux-x86/sdk/platforms/android-4.2/android.jar
893c0000-8ae00000 rw-p 00000000 00:00 0 
8ae00000-8ae21000 rw-p 00000000 00:00 0 
8ae21000-8af00000 ---p 00000000 00:00 0 
8af7f000-8af80000 ---p 00000000 00:00 0 
8af80000-8b000000 rw-p 00000000 00:00 0 
8b000000-8b021000 rw-p 00000000 00:00 0 
8b021000-8b100000 ---p 00000000 00:00 0 
8b153000-8b154000 ---p 00000000 00:00 0 
8b154000-8b1dc000 rw-p 00000000 00:00 0 
8b1dc000-8b214000 rw-p 00000000 00:00 0 
8b214000-8b21f000 rw-p 00000000 00:00 0 
8b21f000-8b2bf000 rw-p 00000000 00:00 0 
8b2bf000-8b2c7000 rw-p 00000000 00:00 0 
8b2c7000-8b2ff000 rw-p 00000000 00:00 0 
8b2ff000-8b30a000 rw-p 00000000 00:00 0 
8b30a000-8b3a9000 rw-p 00000000 00:00 0 
8b3a9000-8b3af000 rw-p 00000000 00:00 0 
8b3af000-8b3ff000 rw-p 00000000 00:00 0 
8b3ff000-8c400000 rw-p 00000000 00:00 0 
8c400000-93400000 rw-p 00000000 00:00 0 
93400000-94840000 rw-p 00000000 00:00 0 
94840000-a8960000 rw-p 00000000 00:00 0 
a8960000-a9380000 rw-p 00000000 00:00 0 
a9380000-b3400000 rw-p 00000000 00:00 0 
b340f000-b3418000 rw-p 00000000 00:00 0 
b3418000-b34cf000 rw-p 00000000 00:00 0 
b34cf000-b370f000 rwxp 00000000 00:00 0 
b370f000-b64cf000 rw-p 00000000 00:00 0 
b64cf000-b64d7000 r-xp 00000000 08:06 663741     /usr/lib/jvm/java-7-openjdk-i386/jre/lib/i386/libzip.so
b64d7000-b64d8000 r--p 00007000 08:06 663741     /usr/lib/jvm/java-7-openjdk-i386/jre/lib/i386/libzip.so
b64d8000-b64d9000 rw-p 00008000 08:06 663741     /usr/lib/jvm/java-7-openjdk-i386/jre/lib/i386/libzip.so
b64d9000-b64e4000 r-xp 00000000 08:06 3801215    /lib/i386-linux-gnu/libnss_files-2.15.so
b64e4000-b64e5000 r--p 0000a000 08:06 3801215    /lib/i386-linux-gnu/libnss_files-2.15.so
b64e5000-b64e6000 rw-p 0000b000 08:06 3801215    /lib/i386-linux-gnu/libnss_files-2.15.so
b64e6000-b64fc000 r-xp 00000000 08:06 3805202    /lib/i386-linux-gnu/libnsl-2.15.so
b64fc000-b64fd000 r--p 00015000 08:06 3805202    /lib/i386-linux-gnu/libnsl-2.15.so
b64fd000-b64fe000 rw-p 00016000 08:06 3805202    /lib/i386-linux-gnu/libnsl-2.15.so
b64fe000-b6500000 rw-p 00000000 00:00 0 
b6500000-b6553000 rw-p 00000000 00:00 0 
b6553000-b6600000 ---p 00000000 00:00 0 
b6606000-b6610000 r-xp 00000000 08:06 3801219    /lib/i386-linux-gnu/libnss_nis-2.15.so
b6610000-b6611000 r--p 00009000 08:06 3801219    /lib/i386-linux-gnu/libnss_nis-2.15.so
b6611000-b6612000 rw-p 0000a000 08:06 3801219    /lib/i386-linux-gnu/libnss_nis-2.15.so
b6612000-b6619000 r-xp 00000000 08:06 3801213    /lib/i386-linux-gnu/libnss_compat-2.15.so
b6619000-b661a000 r--p 00006000 08:06 3801213    /lib/i386-linux-gnu/libnss_compat-2.15.so
b661a000-b661b000 rw-p 00007000 08:06 3801213    /lib/i386-linux-gnu/libnss_compat-2.15.so
b6624000-b662c000 rw-s 00000000 08:06 4980778    /tmp/hsperfdata_elotro/6958
b662c000-b6653000 r-xp 00000000 08:06 663736     /usr/lib/jvm/java-7-openjdk-i386/jre/lib/i386/libjava.so
b6653000-b6654000 r--p 00026000 08:06 663736     /usr/lib/jvm/java-7-openjdk-i386/jre/lib/i386/libjava.so
b6654000-b6655000 rw-p 00027000 08:06 663736     /usr/lib/jvm/java-7-openjdk-i386/jre/lib/i386/libjava.so
b6655000-b665c000 r-xp 00000000 08:06 3801218    /lib/i386-linux-gnu/librt-2.15.so
b665c000-b665d000 r--p 00006000 08:06 3801218    /lib/i386-linux-gnu/librt-2.15.so
b665d000-b665e000 rw-p 00007000 08:06 3801218    /lib/i386-linux-gnu/librt-2.15.so
b665e000-b6661000 ---p 00000000 00:00 0 
b6661000-b66af000 rw-p 00000000 00:00 0 
b66af000-b66cb000 r-xp 00000000 08:06 3802036    /lib/i386-linux-gnu/libgcc_s.so.1
b66cb000-b66cc000 r--p 0001b000 08:06 3802036    /lib/i386-linux-gnu/libgcc_s.so.1
b66cc000-b66cd000 rw-p 0001c000 08:06 3802036    /lib/i386-linux-gnu/libgcc_s.so.1
b66cd000-b66f7000 r-xp 00000000 08:06 3801222    /lib/i386-linux-gnu/libm-2.15.so
b66f7000-b66f8000 r--p 00029000 08:06 3801222    /lib/i386-linux-gnu/libm-2.15.so
b66f8000-b66f9000 rw-p 0002a000 08:06 3801222    /lib/i386-linux-gnu/libm-2.15.so
b66f9000-b67d1000 r-xp 00000000 08:06 136118     /usr/lib/i386-linux-gnu/libstdc++.so.6.0.16
b67d1000-b67d2000 ---p 000d8000 08:06 136118     /usr/lib/i386-linux-gnu/libstdc++.so.6.0.16
b67d2000-b67d6000 r--p 000d8000 08:06 136118     /usr/lib/i386-linux-gnu/libstdc++.so.6.0.16
b67d6000-b67d7000 rw-p 000dc000 08:06 136118     /usr/lib/i386-linux-gnu/libstdc++.so.6.0.16
b67d7000-b67de000 rw-p 00000000 00:00 0 
b67de000-b70c3000 r-xp 00000000 08:06 663755     /usr/lib/jvm/java-7-openjdk-i386/jre/lib/i386/server/libjvm.so
b70c3000-b710a000 r--p 008e4000 08:06 663755     /usr/lib/jvm/java-7-openjdk-i386/jre/lib/i386/server/libjvm.so
b710a000-b711e000 rw-p 0092b000 08:06 663755     /usr/lib/jvm/java-7-openjdk-i386/jre/lib/i386/server/libjvm.so
b711e000-b753c000 rw-p 00000000 00:00 0 
b753c000-b7550000 r-xp 00000000 08:06 3802126    /lib/i386-linux-gnu/libz.so.1.2.3.4
b7550000-b7551000 r--p 00013000 08:06 3802126    /lib/i386-linux-gnu/libz.so.1.2.3.4
b7551000-b7552000 rw-p 00014000 08:06 3802126    /lib/i386-linux-gnu/libz.so.1.2.3.4
b7552000-b7569000 r-xp 00000000 08:06 3801220    /lib/i386-linux-gnu/libpthread-2.15.so
b7569000-b756a000 r--p 00016000 08:06 3801220    /lib/i386-linux-gnu/libpthread-2.15.so
b756a000-b756b000 rw-p 00017000 08:06 3801220    /lib/i386-linux-gnu/libpthread-2.15.so
b756b000-b756d000 rw-p 00000000 00:00 0 
b756d000-b7570000 r-xp 00000000 08:06 3802173    /lib/i386-linux-gnu/libdl-2.15.so
b7570000-b7571000 r--p 00002000 08:06 3802173    /lib/i386-linux-gnu/libdl-2.15.so
b7571000-b7572000 rw-p 00003000 08:06 3802173    /lib/i386-linux-gnu/libdl-2.15.so
b7572000-b7715000 r-xp 00000000 08:06 3801211    /lib/i386-linux-gnu/libc-2.15.so
b7715000-b7716000 ---p 001a3000 08:06 3801211    /lib/i386-linux-gnu/libc-2.15.so
b7716000-b7718000 r--p 001a3000 08:06 3801211    /lib/i386-linux-gnu/libc-2.15.so
b7718000-b7719000 rw-p 001a5000 08:06 3801211    /lib/i386-linux-gnu/libc-2.15.so
b7719000-b771c000 rw-p 00000000 00:00 0 
b771d000-b771e000 rw-p 00000000 00:00 0 
b771e000-b771f000 r--p 00000000 00:00 0 
b771f000-b772b000 r-xp 00000000 08:06 663761     /usr/lib/jvm/java-7-openjdk-i386/jre/lib/i386/libverify.so
b772b000-b772c000 r--p 0000b000 08:06 663761     /usr/lib/jvm/java-7-openjdk-i386/jre/lib/i386/libverify.so
b772c000-b772d000 rw-p 0000c000 08:06 663761     /usr/lib/jvm/java-7-openjdk-i386/jre/lib/i386/libverify.so
b772d000-b7739000 r-xp 00000000 08:06 663745     /usr/lib/jvm/java-7-openjdk-i386/jre/lib/i386/jli/libjli.so
b7739000-b773a000 r--p 0000c000 08:06 663745     /usr/lib/jvm/java-7-openjdk-i386/jre/lib/i386/jli/libjli.so
b773a000-b773b000 rw-p 0000d000 08:06 663745     /usr/lib/jvm/java-7-openjdk-i386/jre/lib/i386/jli/libjli.so
b773b000-b773e000 rw-p 00000000 00:00 0 
b773e000-b773f000 r-xp 00000000 00:00 0          [vdso]
b773f000-b775f000 r-xp 00000000 08:06 3801223    /lib/i386-linux-gnu/ld-2.15.so
b775f000-b7760000 r--p 0001f000 08:06 3801223    /lib/i386-linux-gnu/ld-2.15.so
b7760000-b7761000 rw-p 00020000 08:06 3801223    /lib/i386-linux-gnu/ld-2.15.so
bfbb7000-bfbd8000 rw-p 00000000 00:00 0          [stack]

VM Arguments:
jvm_args: -Dfile.encoding=UTF-8 -Xbootclasspath:/home/elotro/Desktop/adt-bundle-linux-x86/sdk/platforms/android-4.2/android.jar 
java_command: com.example.itsfire.Sender
Launcher Type: SUN_STANDARD

Environment Variables:
PATH=/usr/lib/lightdm/lightdm:/usr/local/sbin:/usr/local/bin:/usr/sbin:/usr/bin:/sbin:/bin:/usr/games
LD_LIBRARY_PATH=/usr/lib/jvm/java-7-openjdk-i386/jre/lib/i386/server:/usr/lib/jvm/java-7-openjdk-i386/jre/lib/i386:/usr/lib/jvm/java-7-openjdk-i386/jre/../lib/i386:/usr/lib/jvm/java-7-openjdk-i386/jre/lib/i386/client:/usr/lib/jvm/java-7-openjdk-i386/jre/lib/i386:
SHELL=/bin/bash
DISPLAY=:0.0

Signal Handlers:
SIGSEGV: [libjvm.so+0x753930], sa_mask[0]=0x7ffbfeff, sa_flags=0x10000004
SIGBUS: [libjvm.so+0x753930], sa_mask[0]=0x7ffbfeff, sa_flags=0x10000004
SIGFPE: [libjvm.so+0x5e94a0], sa_mask[0]=0x7ffbfeff, sa_flags=0x10000004
SIGPIPE: [libjvm.so+0x5e94a0], sa_mask[0]=0x7ffbfeff, sa_flags=0x10000004
SIGXFSZ: [libjvm.so+0x5e94a0], sa_mask[0]=0x7ffbfeff, sa_flags=0x10000004
SIGILL: [libjvm.so+0x5e94a0], sa_mask[0]=0x7ffbfeff, sa_flags=0x10000004
SIGUSR1: SIG_DFL, sa_mask[0]=0x00000000, sa_flags=0x00000000
SIGUSR2: [libjvm.so+0x5e9330], sa_mask[0]=0x00000004, sa_flags=0x10000004
SIGHUP: SIG_DFL, sa_mask[0]=0x00000000, sa_flags=0x00000000
SIGINT: SIG_DFL, sa_mask[0]=0x00000000, sa_flags=0x00000000
SIGTERM: SIG_DFL, sa_mask[0]=0x00000000, sa_flags=0x00000000
SIGQUIT: SIG_DFL, sa_mask[0]=0x00000000, sa_flags=0x00000000


---------------  S Y S T E M  ---------------

OS:Ubuntu 12.04 (precise)
uname:Linux 3.2.0-34-generic-pae #53-Ubuntu SMP Thu Nov 15 11:11:12 UTC 2012 i686
libc:glibc 2.15 NPTL 2.15 
rlimit: STACK 8192k, CORE 0k, NPROC 15426, NOFILE 4096, AS infinity
load average:1.02 0.89 0.89

/proc/meminfo:
MemTotal:        1989160 kB
MemFree:          179916 kB
Buffers:           58300 kB
Cached:           414772 kB
SwapCached:        22840 kB
Active:          1004212 kB
Inactive:         683264 kB
Active(anon):     870888 kB
Inactive(anon):   520076 kB
Active(file):     133324 kB
Inactive(file):   163188 kB
Unevictable:          16 kB
Mlocked:              16 kB
HighTotal:       1110688 kB
HighFree:          27796 kB
LowTotal:         878472 kB
LowFree:          152120 kB
SwapTotal:       3905532 kB
SwapFree:        3707960 kB
Dirty:               280 kB
Writeback:             0 kB
AnonPages:       1193076 kB
Mapped:            99008 kB
Shmem:            176520 kB
Slab:              78392 kB
SReclaimable:      57176 kB
SUnreclaim:        21216 kB
KernelStack:        4152 kB
PageTables:        16188 kB
NFS_Unstable:          0 kB
Bounce:                0 kB
WritebackTmp:          0 kB
CommitLimit:     4900112 kB
Committed_AS:    5088472 kB
VmallocTotal:     122880 kB
VmallocUsed:       16516 kB
VmallocChunk:     104980 kB
HardwareCorrupted:     0 kB
AnonHugePages:         0 kB
HugePages_Total:       0
HugePages_Free:        0
HugePages_Rsvd:        0
HugePages_Surp:        0
Hugepagesize:       2048 kB
DirectMap4k:       10232 kB
DirectMap2M:      903168 kB


CPU:total 2 (2 cores per cpu, 1 threads per core) family 6 model 23 stepping 10, cmov, cx8, fxsr, mmx, sse, sse2, sse3, ssse3, tsc

/proc/cpuinfo:
processor	: 0
vendor_id	: GenuineIntel
cpu family	: 6
model		: 23
model name	: Pentium(R) Dual-Core CPU       T4500  @ 2.30GHz
stepping	: 10
microcode	: 0xa0b
cpu MHz		: 2300.000
cache size	: 1024 KB
physical id	: 0
siblings	: 2
core id		: 0
cpu cores	: 2
apicid		: 0
initial apicid	: 0
fdiv_bug	: no
hlt_bug		: no
f00f_bug	: no
coma_bug	: no
fpu		: yes
fpu_exception	: yes
cpuid level	: 13
wp		: yes
flags		: fpu vme de pse tsc msr pae mce cx8 apic sep mtrr pge mca cmov pat pse36 clflush dts acpi mmx fxsr sse sse2 ss ht tm pbe nx lm constant_tsc arch_perfmon pebs bts aperfmperf pni dtes64 monitor ds_cpl est tm2 ssse3 cx16 xtpr pdcm xsave lahf_lm dtherm
bogomips	: 4588.55
clflush size	: 64
cache_alignment	: 64
address sizes	: 36 bits physical, 48 bits virtual
power management:

processor	: 1
vendor_id	: GenuineIntel
cpu family	: 6
model		: 23
model name	: Pentium(R) Dual-Core CPU       T4500  @ 2.30GHz
stepping	: 10
microcode	: 0xa0b
cpu MHz		: 2300.000
cache size	: 1024 KB
physical id	: 0
siblings	: 2
core id		: 1
cpu cores	: 2
apicid		: 1
initial apicid	: 1
fdiv_bug	: no
hlt_bug		: no
f00f_bug	: no
coma_bug	: no
fpu		: yes
fpu_exception	: yes
cpuid level	: 13
wp		: yes
flags		: fpu vme de pse tsc msr pae mce cx8 apic sep mtrr pge mca cmov pat pse36 clflush dts acpi mmx fxsr sse sse2 ss ht tm pbe nx lm constant_tsc arch_perfmon pebs bts aperfmperf pni dtes64 monitor ds_cpl est tm2 ssse3 cx16 xtpr pdcm xsave lahf_lm dtherm
bogomips	: 4588.44
clflush size	: 64
cache_alignment	: 64
address sizes	: 36 bits physical, 48 bits virtual
power management:



Memory: 4k page, physical 1989160k(179916k free), swap 3905532k(3707960k free)

vm_info: OpenJDK Server VM (23.2-b09) for linux-x86 JRE (1.7.0_09-b30), built on Oct 24 2012 18:55:39 by "buildd" with gcc 4.6.3

time: Tue Dec  4 11:51:29 2012
elapsed time: 0 seconds

