#
# A fatal error has been detected by the Java Runtime Environment:
#
#  Internal Error (javaClasses.cpp:129), pid=3789, tid=3062672192
#  fatal error: Invalid layout of preloaded class
#
# JRE version: 7.0_09-b05
# Java VM: Java HotSpot(TM) Server VM (23.5-b02 mixed mode linux-x86 )
# Failed to write core dump. Core dumps have been disabled. To enable core dumping, try "ulimit -c unlimited" before starting Java again
#
# If you would like to submit a bug report, please visit:
#   http://bugreport.sun.com/bugreport/crash.jsp
#

---------------  T H R E A D  ---------------

Current thread (0xb6706800):  JavaThread "Unknown thread" [_thread_in_vm, id=3795, stack(0xb687a000,0xb68cb000)]

Stack: [0xb687a000,0xb68cb000],  sp=0xb68c9d90,  free space=319k
Native frames: (J=compiled Java code, j=interpreted, Vv=VM code, C=native code)
V  [libjvm.so+0x720369]  VMError::report_and_die()+0x199
V  [libjvm.so+0x2e8d1c]  report_fatal(char const*, int, char const*)+0x4c
V  [libjvm.so+0x416830]  compute_offset(int&, klassOopDesc*, Symbol*, Symbol*, bool)+0x110
V  [libjvm.so+0x41adc4]  java_lang_String::compute_offsets()+0x44
V  [libjvm.so+0x6b5655]  SystemDictionary::initialize_preloaded_classes(Thread*)+0x225
V  [libjvm.so+0x6fd158]  Universe::genesis(Thread*)+0x3f8
V  [libjvm.so+0x6fd5cf]  universe2_init()+0x1f
V  [libjvm.so+0x3dca60]  init_globals()+0xa0
V  [libjvm.so+0x6e4b49]  Threads::create_vm(JavaVMInitArgs*, bool*)+0x1f9
V  [libjvm.so+0x4243ac]  JNI_CreateJavaVM+0x5c
C  [libjli.so+0x2a61]  JavaMain+0xa1
C  [libpthread.so.0+0x6d4c]  start_thread+0xcc


---------------  P R O C E S S  ---------------

Java Threads: ( => current thread )

Other Threads:

=>0xb6706800 (exited) JavaThread "Unknown thread" [_thread_in_vm, id=3795, stack(0xb687a000,0xb68cb000)]

VM state:not at safepoint (not fully initialized)

VM Mutex/Monitor currently owned by a thread: None

GC Heap History (0 events):
No events

Deoptimization events (0 events):
No events

Internal exceptions (0 events):
No events

Events (10 events):
Event: 0.014 loading class 0xb67344a8 done
Event: 0.014 loading class 0xb6733de8 done
Event: 0.014 loading class 0xb6733dc0
Event: 0.014 loading class 0xb6753c88
Event: 0.014 loading class 0xb6753c88 done
Event: 0.014 loading class 0xb6753cc0
Event: 0.014 loading class 0xb6753cc0 done
Event: 0.014 loading class 0xb6753cf8
Event: 0.014 loading class 0xb6753cf8 done
Event: 0.015 loading class 0xb6733dc0 done


Dynamic libraries:
08048000-08049000 r-xp 00000000 08:05 4466050    /usr/lib/jvm/java-7-oracle/bin/java
08049000-0804a000 rw-p 00000000 08:05 4466050    /usr/lib/jvm/java-7-oracle/bin/java
089a6000-089c7000 rw-p 00000000 00:00 0          [heap]
6eb86000-6ed7e000 rw-p 00000000 00:00 0 
6ed7e000-6ee43000 r--s 0115c000 00:13 7736611    /home/elotro/Desktop/adt-bundle-linux-x86/sdk/platforms/android-4.2/android.jar
6ee43000-71900000 rw-p 00000000 00:00 0 
71900000-71921000 rw-p 00000000 00:00 0 
71921000-71a00000 ---p 00000000 00:00 0 
71a7f000-71a80000 ---p 00000000 00:00 0 
71a80000-71b00000 rw-p 00000000 00:00 0 
71b00000-71b21000 rw-p 00000000 00:00 0 
71b21000-71c00000 ---p 00000000 00:00 0 
71c7f000-71c80000 ---p 00000000 00:00 0 
71c80000-71d00000 rw-p 00000000 00:00 0 
71d00000-71d21000 rw-p 00000000 00:00 0 
71d21000-71e00000 ---p 00000000 00:00 0 
71e7f000-71e80000 ---p 00000000 00:00 0 
71e80000-71f00000 rw-p 00000000 00:00 0 
71f00000-71f21000 rw-p 00000000 00:00 0 
71f21000-72000000 ---p 00000000 00:00 0 
7201f000-72020000 ---p 00000000 00:00 0 
72020000-720a8000 rw-p 00000000 00:00 0 
720a8000-720c0000 rw-p 00000000 00:00 0 
720c0000-720d5000 rw-p 00000000 00:00 0 
720d5000-72206000 rw-p 00000000 00:00 0 
72206000-7220e000 rw-p 00000000 00:00 0 
7220e000-72226000 rw-p 00000000 00:00 0 
72226000-7223b000 rw-p 00000000 00:00 0 
7223b000-7236c000 rw-p 00000000 00:00 0 
7236c000-72377000 rw-p 00000000 00:00 0 
72377000-7240f000 rw-p 00000000 00:00 0 
7240f000-73410000 rw-p 00000000 00:00 0 
73410000-76410000 rw-p 00000000 00:00 0 
76410000-78cd0000 rw-p 00000000 00:00 0 
78cd0000-9f010000 rw-p 00000000 00:00 0 
9f010000-a0470000 rw-p 00000000 00:00 0 
a0470000-b3610000 rw-p 00000000 00:00 0 
b361b000-b3624000 rw-p 00000000 00:00 0 
b3624000-b36db000 rw-p 00000000 00:00 0 
b36db000-b391b000 rwxp 00000000 00:00 0 
b391b000-b66db000 rw-p 00000000 00:00 0 
b66db000-b66f2000 r-xp 00000000 08:05 4590419    /usr/lib/jvm/java-7-oracle/jre/lib/i386/libzip.so
b66f2000-b66f3000 rw-p 00017000 08:05 4590419    /usr/lib/jvm/java-7-oracle/jre/lib/i386/libzip.so
b66f3000-b66fe000 r-xp 00000000 08:05 8261517    /lib/i386-linux-gnu/libnss_files-2.15.so
b66fe000-b66ff000 r--p 0000a000 08:05 8261517    /lib/i386-linux-gnu/libnss_files-2.15.so
b66ff000-b6700000 rw-p 0000b000 08:05 8261517    /lib/i386-linux-gnu/libnss_files-2.15.so
b6700000-b6765000 rw-p 00000000 00:00 0 
b6765000-b6800000 ---p 00000000 00:00 0 
b680c000-b6816000 r-xp 00000000 08:05 8261521    /lib/i386-linux-gnu/libnss_nis-2.15.so
b6816000-b6817000 r--p 00009000 08:05 8261521    /lib/i386-linux-gnu/libnss_nis-2.15.so
b6817000-b6818000 rw-p 0000a000 08:05 8261521    /lib/i386-linux-gnu/libnss_nis-2.15.so
b6818000-b682e000 r-xp 00000000 08:05 8261533    /lib/i386-linux-gnu/libnsl-2.15.so
b682e000-b682f000 r--p 00015000 08:05 8261533    /lib/i386-linux-gnu/libnsl-2.15.so
b682f000-b6830000 rw-p 00016000 08:05 8261533    /lib/i386-linux-gnu/libnsl-2.15.so
b6830000-b6832000 rw-p 00000000 00:00 0 
b6832000-b6839000 r-xp 00000000 08:05 8261515    /lib/i386-linux-gnu/libnss_compat-2.15.so
b6839000-b683a000 r--p 00006000 08:05 8261515    /lib/i386-linux-gnu/libnss_compat-2.15.so
b683a000-b683b000 rw-p 00007000 08:05 8261515    /lib/i386-linux-gnu/libnss_compat-2.15.so
b6845000-b684d000 rw-s 00000000 08:05 527657     /tmp/hsperfdata_elotro/3789
b684d000-b6870000 r-xp 00000000 08:05 4590099    /usr/lib/jvm/java-7-oracle/jre/lib/i386/libjava.so
b6870000-b6871000 rw-p 00023000 08:05 4590099    /usr/lib/jvm/java-7-oracle/jre/lib/i386/libjava.so
b6871000-b6878000 r-xp 00000000 08:05 8261520    /lib/i386-linux-gnu/librt-2.15.so
b6878000-b6879000 r--p 00006000 08:05 8261520    /lib/i386-linux-gnu/librt-2.15.so
b6879000-b687a000 rw-p 00007000 08:05 8261520    /lib/i386-linux-gnu/librt-2.15.so
b687a000-b687d000 ---p 00000000 00:00 0 
b687d000-b68cb000 rw-p 00000000 00:00 0 
b68cb000-b68f5000 r-xp 00000000 08:05 8261524    /lib/i386-linux-gnu/libm-2.15.so
b68f5000-b68f6000 r--p 00029000 08:05 8261524    /lib/i386-linux-gnu/libm-2.15.so
b68f6000-b68f7000 rw-p 0002a000 08:05 8261524    /lib/i386-linux-gnu/libm-2.15.so
b68f7000-b70b0000 r-xp 00000000 08:05 4590459    /usr/lib/jvm/java-7-oracle/jre/lib/i386/server/libjvm.so
b70b0000-b7103000 rw-p 007b8000 08:05 4590459    /usr/lib/jvm/java-7-oracle/jre/lib/i386/server/libjvm.so
b7103000-b7525000 rw-p 00000000 00:00 0 
b7525000-b76c8000 r-xp 00000000 08:05 8258622    /lib/i386-linux-gnu/libc-2.15.so
b76c8000-b76c9000 ---p 001a3000 08:05 8258622    /lib/i386-linux-gnu/libc-2.15.so
b76c9000-b76cb000 r--p 001a3000 08:05 8258622    /lib/i386-linux-gnu/libc-2.15.so
b76cb000-b76cc000 rw-p 001a5000 08:05 8258622    /lib/i386-linux-gnu/libc-2.15.so
b76cc000-b76cf000 rw-p 00000000 00:00 0 
b76cf000-b76d2000 r-xp 00000000 08:05 8261528    /lib/i386-linux-gnu/libdl-2.15.so
b76d2000-b76d3000 r--p 00002000 08:05 8261528    /lib/i386-linux-gnu/libdl-2.15.so
b76d3000-b76d4000 rw-p 00003000 08:05 8261528    /lib/i386-linux-gnu/libdl-2.15.so
b76d4000-b76e7000 r-xp 00000000 08:05 4590101    /usr/lib/jvm/java-7-oracle/jre/lib/i386/jli/libjli.so
b76e7000-b76e8000 rw-p 00012000 08:05 4590101    /usr/lib/jvm/java-7-oracle/jre/lib/i386/jli/libjli.so
b76e8000-b76e9000 rw-p 00000000 00:00 0 
b76e9000-b7700000 r-xp 00000000 08:05 8261522    /lib/i386-linux-gnu/libpthread-2.15.so
b7700000-b7701000 r--p 00016000 08:05 8261522    /lib/i386-linux-gnu/libpthread-2.15.so
b7701000-b7702000 rw-p 00017000 08:05 8261522    /lib/i386-linux-gnu/libpthread-2.15.so
b7702000-b7704000 rw-p 00000000 00:00 0 
b7705000-b7709000 rw-p 00000000 00:00 0 
b7709000-b770a000 r--p 00000000 00:00 0 
b770a000-b7715000 r-xp 00000000 08:05 4590406    /usr/lib/jvm/java-7-oracle/jre/lib/i386/libverify.so
b7715000-b7716000 rw-p 0000b000 08:05 4590406    /usr/lib/jvm/java-7-oracle/jre/lib/i386/libverify.so
b7716000-b7718000 rw-p 00000000 00:00 0 
b7718000-b7719000 r-xp 00000000 00:00 0          [vdso]
b7719000-b7739000 r-xp 00000000 08:05 8261525    /lib/i386-linux-gnu/ld-2.15.so
b7739000-b773a000 r--p 0001f000 08:05 8261525    /lib/i386-linux-gnu/ld-2.15.so
b773a000-b773b000 rw-p 00020000 08:05 8261525    /lib/i386-linux-gnu/ld-2.15.so
bfdc7000-bfde8000 rw-p 00000000 00:00 0          [stack]

VM Arguments:
jvm_args: -Dfile.encoding=UTF-8 -Xbootclasspath:/home/elotro/Desktop/adt-bundle-linux-x86/sdk/platforms/android-4.2/android.jar 
java_command: com.example.itsfire.MySenderToGCM
Launcher Type: SUN_STANDARD

Environment Variables:
PATH=/usr/lib/lightdm/lightdm:/usr/local/sbin:/usr/local/bin:/usr/sbin:/usr/bin:/sbin:/bin:/usr/games
LD_LIBRARY_PATH=/usr/lib/jvm/java-7-oracle/jre/lib/i386/server:/usr/lib/jvm/java-7-oracle/jre/lib/i386:/usr/lib/jvm/java-7-oracle/jre/../lib/i386:/usr/lib/jvm/java-7-oracle/jre/lib/i386/client:/usr/lib/jvm/java-7-oracle/jre/lib/i386:
SHELL=/bin/bash
DISPLAY=:0.0

Signal Handlers:
SIGSEGV: [libjvm.so+0x720eb0], sa_mask[0]=0x7ffbfeff, sa_flags=0x10000004
SIGBUS: [libjvm.so+0x720eb0], sa_mask[0]=0x7ffbfeff, sa_flags=0x10000004
SIGFPE: [libjvm.so+0x5d9d00], sa_mask[0]=0x7ffbfeff, sa_flags=0x10000004
SIGPIPE: [libjvm.so+0x5d9d00], sa_mask[0]=0x7ffbfeff, sa_flags=0x10000004
SIGXFSZ: [libjvm.so+0x5d9d00], sa_mask[0]=0x7ffbfeff, sa_flags=0x10000004
SIGILL: [libjvm.so+0x5d9d00], sa_mask[0]=0x7ffbfeff, sa_flags=0x10000004
SIGUSR1: SIG_DFL, sa_mask[0]=0x00000000, sa_flags=0x00000000
SIGUSR2: [libjvm.so+0x5d95e0], sa_mask[0]=0x00000004, sa_flags=0x10000004
SIGHUP: SIG_DFL, sa_mask[0]=0x00000000, sa_flags=0x00000000
SIGINT: SIG_DFL, sa_mask[0]=0x00000000, sa_flags=0x00000000
SIGTERM: SIG_DFL, sa_mask[0]=0x00000000, sa_flags=0x00000000
SIGQUIT: SIG_DFL, sa_mask[0]=0x00000000, sa_flags=0x00000000


---------------  S Y S T E M  ---------------

OS:wheezy/sid

uname:Linux 3.2.0-34-generic-pae #53-Ubuntu SMP Thu Nov 15 11:11:12 UTC 2012 i686
libc:glibc 2.15 NPTL 2.15 
rlimit: STACK 8192k, CORE 0k, NPROC 31117, NOFILE 4096, AS infinity
load average:1.73 1.67 1.27

/proc/meminfo:
MemTotal:        4003456 kB
MemFree:         1610768 kB
Buffers:           75592 kB
Cached:          1285404 kB
SwapCached:            0 kB
Active:          1108044 kB
Inactive:        1182452 kB
Active(anon):     943460 kB
Inactive(anon):   510972 kB
Active(file):     164584 kB
Inactive(file):   671480 kB
Unevictable:          16 kB
Mlocked:              16 kB
HighTotal:       3161560 kB
HighFree:         925840 kB
LowTotal:         841896 kB
LowFree:          684928 kB
SwapTotal:       4071420 kB
SwapFree:        4071420 kB
Dirty:               124 kB
Writeback:             0 kB
AnonPages:        929832 kB
Mapped:           175008 kB
Shmem:            524508 kB
Slab:              64296 kB
SReclaimable:      32844 kB
SUnreclaim:        31452 kB
KernelStack:        4024 kB
PageTables:        12452 kB
NFS_Unstable:          0 kB
Bounce:                0 kB
WritebackTmp:          0 kB
CommitLimit:     6073148 kB
Committed_AS:    4298620 kB
VmallocTotal:     122880 kB
VmallocUsed:       19248 kB
VmallocChunk:     102288 kB
HardwareCorrupted:     0 kB
AnonHugePages:         0 kB
HugePages_Total:       0
HugePages_Free:        0
HugePages_Rsvd:        0
HugePages_Surp:        0
Hugepagesize:       2048 kB
DirectMap4k:       10232 kB
DirectMap2M:      903168 kB


CPU:total 4 (2 cores per cpu, 2 threads per core) family 6 model 42 stepping 7, cmov, cx8, fxsr, mmx, sse, sse2, sse3, ssse3, sse4.1, sse4.2, popcnt, avx, ht, tsc, tscinvbit

/proc/cpuinfo:
processor	: 0
vendor_id	: GenuineIntel
cpu family	: 6
model		: 42
model name	: Intel(R) Core(TM) i5-2520M CPU @ 2.50GHz
stepping	: 7
microcode	: 0x23
cpu MHz		: 2501.000
cache size	: 3072 KB
physical id	: 0
siblings	: 4
core id		: 0
cpu cores	: 2
apicid		: 0
initial apicid	: 0
fdiv_bug	: no
hlt_bug		: no
f00f_bug	: no
coma_bug	: no
fpu		: yes
fpu_exception	: yes
cpuid level	: 13
wp		: yes
flags		: fpu vme de pse tsc msr pae mce cx8 apic sep mtrr pge mca cmov pat pse36 clflush dts acpi mmx fxsr sse sse2 ss ht tm pbe nx rdtscp lm constant_tsc arch_perfmon pebs bts xtopology nonstop_tsc aperfmperf pni pclmulqdq dtes64 monitor ds_cpl vmx smx est tm2 ssse3 cx16 xtpr pdcm pcid sse4_1 sse4_2 x2apic popcnt tsc_deadline_timer aes xsave avx lahf_lm ida arat epb xsaveopt pln pts dtherm tpr_shadow vnmi flexpriority ept vpid
bogomips	: 4988.80
clflush size	: 64
cache_alignment	: 64
address sizes	: 36 bits physical, 48 bits virtual
power management:

processor	: 1
vendor_id	: GenuineIntel
cpu family	: 6
model		: 42
model name	: Intel(R) Core(TM) i5-2520M CPU @ 2.50GHz
stepping	: 7
microcode	: 0x23
cpu MHz		: 2200.000
cache size	: 3072 KB
physical id	: 0
siblings	: 4
core id		: 1
cpu cores	: 2
apicid		: 2
initial apicid	: 2
fdiv_bug	: no
hlt_bug		: no
f00f_bug	: no
coma_bug	: no
fpu		: yes
fpu_exception	: yes
cpuid level	: 13
wp		: yes
flags		: fpu vme de pse tsc msr pae mce cx8 apic sep mtrr pge mca cmov pat pse36 clflush dts acpi mmx fxsr sse sse2 ss ht tm pbe nx rdtscp lm constant_tsc arch_perfmon pebs bts xtopology nonstop_tsc aperfmperf pni pclmulqdq dtes64 monitor ds_cpl vmx smx est tm2 ssse3 cx16 xtpr pdcm pcid sse4_1 sse4_2 x2apic popcnt tsc_deadline_timer aes xsave avx lahf_lm ida arat epb xsaveopt pln pts dtherm tpr_shadow vnmi flexpriority ept vpid
bogomips	: 4988.64
clflush size	: 64
cache_alignment	: 64
address sizes	: 36 bits physical, 48 bits virtual
power management:

processor	: 2
vendor_id	: GenuineIntel
cpu family	: 6
model		: 42
model name	: Intel(R) Core(TM) i5-2520M CPU @ 2.50GHz
stepping	: 7
microcode	: 0x23
cpu MHz		: 2501.000
cache size	: 3072 KB
physical id	: 0
siblings	: 4
core id		: 0
cpu cores	: 2
apicid		: 1
initial apicid	: 1
fdiv_bug	: no
hlt_bug		: no
f00f_bug	: no
coma_bug	: no
fpu		: yes
fpu_exception	: yes
cpuid level	: 13
wp		: yes
flags		: fpu vme de pse tsc msr pae mce cx8 apic sep mtrr pge mca cmov pat pse36 clflush dts acpi mmx fxsr sse sse2 ss ht tm pbe nx rdtscp lm constant_tsc arch_perfmon pebs bts xtopology nonstop_tsc aperfmperf pni pclmulqdq dtes64 monitor ds_cpl vmx smx est tm2 ssse3 cx16 xtpr pdcm pcid sse4_1 sse4_2 x2apic popcnt tsc_deadline_timer aes xsave avx lahf_lm ida arat epb xsaveopt pln pts dtherm tpr_shadow vnmi flexpriority ept vpid
bogomips	: 4988.63
clflush size	: 64
cache_alignment	: 64
address sizes	: 36 bits physical, 48 bits virtual
power management:

processor	: 3
vendor_id	: GenuineIntel
cpu family	: 6
model		: 42
model name	: Intel(R) Core(TM) i5-2520M CPU @ 2.50GHz
stepping	: 7
microcode	: 0x23
cpu MHz		: 800.000
cache size	: 3072 KB
physical id	: 0
siblings	: 4
core id		: 1
cpu cores	: 2
apicid		: 3
initial apicid	: 3
fdiv_bug	: no
hlt_bug		: no
f00f_bug	: no
coma_bug	: no
fpu		: yes
fpu_exception	: yes
cpuid level	: 13
wp		: yes
flags		: fpu vme de pse tsc msr pae mce cx8 apic sep mtrr pge mca cmov pat pse36 clflush dts acpi mmx fxsr sse sse2 ss ht tm pbe nx rdtscp lm constant_tsc arch_perfmon pebs bts xtopology nonstop_tsc aperfmperf pni pclmulqdq dtes64 monitor ds_cpl vmx smx est tm2 ssse3 cx16 xtpr pdcm pcid sse4_1 sse4_2 x2apic popcnt tsc_deadline_timer aes xsave avx lahf_lm ida arat epb xsaveopt pln pts dtherm tpr_shadow vnmi flexpriority ept vpid
bogomips	: 4988.64
clflush size	: 64
cache_alignment	: 64
address sizes	: 36 bits physical, 48 bits virtual
power management:



Memory: 4k page, physical 4003456k(1610768k free), swap 4071420k(4071420k free)

vm_info: Java HotSpot(TM) Server VM (23.5-b02) for linux-x86 JRE (1.7.0_09-b05), built on Sep 24 2012 20:39:16 by "java_re" with gcc 4.3.0 20080428 (Red Hat 4.3.0-8)

time: Sat Dec  8 18:25:31 2012
elapsed time: 0 seconds

