#
# A fatal error has been detected by the Java Runtime Environment:
#
#  Internal Error (javaClasses.cpp:129), pid=7288, tid=3060198208
#  fatal error: Invalid layout of preloaded class
#
# JRE version: 7.0_09-b30
# Java VM: OpenJDK Server VM (23.2-b09 mixed mode linux-x86 )
# Failed to write core dump. Core dumps have been disabled. To enable core dumping, try "ulimit -c unlimited" before starting Java again
#
# If you would like to submit a bug report, please include
# instructions on how to reproduce the bug and visit:
#   https://bugs.launchpad.net/ubuntu/+source/openjdk-7/
#

---------------  T H R E A D  ---------------

Current thread (0xb6506800):  JavaThread "Unknown thread" [_thread_in_vm, id=7293, stack(0xb661e000,0xb666f000)]

Stack: [0xb661e000,0xb666f000]

[error occurred during error reporting (printing native stack), id 0xb]


---------------  P R O C E S S  ---------------

Java Threads: ( => current thread )

Other Threads:

=>0xb6506800 (exited) JavaThread "Unknown thread" [_thread_in_vm, id=7293, stack(0xb661e000,0xb666f000)]

VM state:not at safepoint (not fully initialized)

VM Mutex/Monitor currently owned by a thread: None

GC Heap History (0 events):
No events

Deoptimization events (0 events):
No events

Internal exceptions (0 events):
No events

Events (10 events):
Event: 0.017 loading class 0xb65319d8 done
Event: 0.017 loading class 0xb6531318 done
Event: 0.017 loading class 0xb65312f0
Event: 0.017 loading class 0xb65511b8
Event: 0.017 loading class 0xb65511b8 done
Event: 0.017 loading class 0xb65511f0
Event: 0.017 loading class 0xb65511f0 done
Event: 0.017 loading class 0xb6551228
Event: 0.017 loading class 0xb6551228 done
Event: 0.018 loading class 0xb65312f0 done


Dynamic libraries:
08048000-08049000 r-xp 00000000 08:06 663703     /usr/lib/jvm/java-7-openjdk-i386/jre/bin/java
08049000-0804a000 r--p 00000000 08:06 663703     /usr/lib/jvm/java-7-openjdk-i386/jre/bin/java
0804a000-0804b000 rw-p 00001000 08:06 663703     /usr/lib/jvm/java-7-openjdk-i386/jre/bin/java
08765000-08786000 rw-p 00000000 00:00 0          [heap]
892d7000-892fb000 rw-p 00000000 00:00 0 
892fb000-893c0000 r--s 0115c000 08:06 1052076    /home/elotro/Desktop/adt-bundle-linux-x86/sdk/platforms/android-4.2/android.jar
893c0000-8ae00000 rw-p 00000000 00:00 0 
8ae00000-8ae21000 rw-p 00000000 00:00 0 
8ae21000-8af00000 ---p 00000000 00:00 0 
8af7f000-8af80000 ---p 00000000 00:00 0 
8af80000-8b000000 rw-p 00000000 00:00 0 
8b000000-8b021000 rw-p 00000000 00:00 0 
8b021000-8b100000 ---p 00000000 00:00 0 
8b123000-8b124000 ---p 00000000 00:00 0 
8b124000-8b1ac000 rw-p 00000000 00:00 0 
8b1ac000-8b1e4000 rw-p 00000000 00:00 0 
8b1e4000-8b1ef000 rw-p 00000000 00:00 0 
8b1ef000-8b28f000 rw-p 00000000 00:00 0 
8b28f000-8b297000 rw-p 00000000 00:00 0 
8b297000-8b2cf000 rw-p 00000000 00:00 0 
8b2cf000-8b2da000 rw-p 00000000 00:00 0 
8b2da000-8b379000 rw-p 00000000 00:00 0 
8b379000-8b37f000 rw-p 00000000 00:00 0 
8b37f000-8b3cf000 rw-p 00000000 00:00 0 
8b3cf000-8c3d0000 rw-p 00000000 00:00 0 
8c3d0000-933d0000 rw-p 00000000 00:00 0 
933d0000-94810000 rw-p 00000000 00:00 0 
94810000-a8930000 rw-p 00000000 00:00 0 
a8930000-a9350000 rw-p 00000000 00:00 0 
a9350000-b33d0000 rw-p 00000000 00:00 0 
b33db000-b33e4000 rw-p 00000000 00:00 0 
b33e4000-b349b000 rw-p 00000000 00:00 0 
b349b000-b36db000 rwxp 00000000 00:00 0 
b36db000-b649b000 rw-p 00000000 00:00 0 
b649b000-b64a6000 r-xp 00000000 08:06 3801215    /lib/i386-linux-gnu/libnss_files-2.15.so
b64a6000-b64a7000 r--p 0000a000 08:06 3801215    /lib/i386-linux-gnu/libnss_files-2.15.so
b64a7000-b64a8000 rw-p 0000b000 08:06 3801215    /lib/i386-linux-gnu/libnss_files-2.15.so
b64a8000-b64b2000 r-xp 00000000 08:06 3801219    /lib/i386-linux-gnu/libnss_nis-2.15.so
b64b2000-b64b3000 r--p 00009000 08:06 3801219    /lib/i386-linux-gnu/libnss_nis-2.15.so
b64b3000-b64b4000 rw-p 0000a000 08:06 3801219    /lib/i386-linux-gnu/libnss_nis-2.15.so
b64b4000-b64ca000 r-xp 00000000 08:06 3805202    /lib/i386-linux-gnu/libnsl-2.15.so
b64ca000-b64cb000 r--p 00015000 08:06 3805202    /lib/i386-linux-gnu/libnsl-2.15.so
b64cb000-b64cc000 rw-p 00016000 08:06 3805202    /lib/i386-linux-gnu/libnsl-2.15.so
b64cc000-b64ce000 rw-p 00000000 00:00 0 
b64ce000-b64d5000 r-xp 00000000 08:06 3801213    /lib/i386-linux-gnu/libnss_compat-2.15.so
b64d5000-b64d6000 r--p 00006000 08:06 3801213    /lib/i386-linux-gnu/libnss_compat-2.15.so
b64d6000-b64d7000 rw-p 00007000 08:06 3801213    /lib/i386-linux-gnu/libnss_compat-2.15.so
b64d7000-b64fe000 r-xp 00000000 08:06 663736     /usr/lib/jvm/java-7-openjdk-i386/jre/lib/i386/libjava.so
b64fe000-b64ff000 r--p 00026000 08:06 663736     /usr/lib/jvm/java-7-openjdk-i386/jre/lib/i386/libjava.so
b64ff000-b6500000 rw-p 00027000 08:06 663736     /usr/lib/jvm/java-7-openjdk-i386/jre/lib/i386/libjava.so
b6500000-b6553000 rw-p 00000000 00:00 0 
b6553000-b6600000 ---p 00000000 00:00 0 
b6603000-b660b000 r-xp 00000000 08:06 663741     /usr/lib/jvm/java-7-openjdk-i386/jre/lib/i386/libzip.so
b660b000-b660c000 r--p 00007000 08:06 663741     /usr/lib/jvm/java-7-openjdk-i386/jre/lib/i386/libzip.so
b660c000-b660d000 rw-p 00008000 08:06 663741     /usr/lib/jvm/java-7-openjdk-i386/jre/lib/i386/libzip.so
b660d000-b6615000 rw-s 00000000 08:06 4980778    /tmp/hsperfdata_elotro/7288
b6615000-b661c000 r-xp 00000000 08:06 3801218    /lib/i386-linux-gnu/librt-2.15.so
b661c000-b661d000 r--p 00006000 08:06 3801218    /lib/i386-linux-gnu/librt-2.15.so
b661d000-b661e000 rw-p 00007000 08:06 3801218    /lib/i386-linux-gnu/librt-2.15.so
b661e000-b6621000 ---p 00000000 00:00 0 
b6621000-b666f000 rw-p 00000000 00:00 0 
b666f000-b668b000 r-xp 00000000 08:06 3802036    /lib/i386-linux-gnu/libgcc_s.so.1
b668b000-b668c000 r--p 0001b000 08:06 3802036    /lib/i386-linux-gnu/libgcc_s.so.1
b668c000-b668d000 rw-p 0001c000 08:06 3802036    /lib/i386-linux-gnu/libgcc_s.so.1
b668d000-b66b7000 r-xp 00000000 08:06 3801222    /lib/i386-linux-gnu/libm-2.15.so
b66b7000-b66b8000 r--p 00029000 08:06 3801222    /lib/i386-linux-gnu/libm-2.15.so
b66b8000-b66b9000 rw-p 0002a000 08:06 3801222    /lib/i386-linux-gnu/libm-2.15.so
b66b9000-b6791000 r-xp 00000000 08:06 136118     /usr/lib/i386-linux-gnu/libstdc++.so.6.0.16
b6791000-b6792000 ---p 000d8000 08:06 136118     /usr/lib/i386-linux-gnu/libstdc++.so.6.0.16
b6792000-b6796000 r--p 000d8000 08:06 136118     /usr/lib/i386-linux-gnu/libstdc++.so.6.0.16
b6796000-b6797000 rw-p 000dc000 08:06 136118     /usr/lib/i386-linux-gnu/libstdc++.so.6.0.16
b6797000-b679e000 rw-p 00000000 00:00 0 
b679e000-b7083000 r-xp 00000000 08:06 663755     /usr/lib/jvm/java-7-openjdk-i386/jre/lib/i386/server/libjvm.so
b7083000-b70ca000 r--p 008e4000 08:06 663755     /usr/lib/jvm/java-7-openjdk-i386/jre/lib/i386/server/libjvm.so
b70ca000-b70de000 rw-p 0092b000 08:06 663755     /usr/lib/jvm/java-7-openjdk-i386/jre/lib/i386/server/libjvm.so
b70de000-b74fc000 rw-p 00000000 00:00 0 
b74fc000-b7510000 r-xp 00000000 08:06 3802126    /lib/i386-linux-gnu/libz.so.1.2.3.4
b7510000-b7511000 r--p 00013000 08:06 3802126    /lib/i386-linux-gnu/libz.so.1.2.3.4
b7511000-b7512000 rw-p 00014000 08:06 3802126    /lib/i386-linux-gnu/libz.so.1.2.3.4
b7512000-b7529000 r-xp 00000000 08:06 3801220    /lib/i386-linux-gnu/libpthread-2.15.so
b7529000-b752a000 r--p 00016000 08:06 3801220    /lib/i386-linux-gnu/libpthread-2.15.so
b752a000-b752b000 rw-p 00017000 08:06 3801220    /lib/i386-linux-gnu/libpthread-2.15.so
b752b000-b752d000 rw-p 00000000 00:00 0 
b752d000-b7530000 r-xp 00000000 08:06 3802173    /lib/i386-linux-gnu/libdl-2.15.so
b7530000-b7531000 r--p 00002000 08:06 3802173    /lib/i386-linux-gnu/libdl-2.15.so
b7531000-b7532000 rw-p 00003000 08:06 3802173    /lib/i386-linux-gnu/libdl-2.15.so
b7532000-b76d5000 r-xp 00000000 08:06 3801211    /lib/i386-linux-gnu/libc-2.15.so
b76d5000-b76d6000 ---p 001a3000 08:06 3801211    /lib/i386-linux-gnu/libc-2.15.so
b76d6000-b76d8000 r--p 001a3000 08:06 3801211    /lib/i386-linux-gnu/libc-2.15.so
b76d8000-b76d9000 rw-p 001a5000 08:06 3801211    /lib/i386-linux-gnu/libc-2.15.so
b76d9000-b76dc000 rw-p 00000000 00:00 0 
b76dd000-b76de000 rw-p 00000000 00:00 0 
b76de000-b76df000 r--p 00000000 00:00 0 
b76df000-b76eb000 r-xp 00000000 08:06 663761     /usr/lib/jvm/java-7-openjdk-i386/jre/lib/i386/libverify.so
b76eb000-b76ec000 r--p 0000b000 08:06 663761     /usr/lib/jvm/java-7-openjdk-i386/jre/lib/i386/libverify.so
b76ec000-b76ed000 rw-p 0000c000 08:06 663761     /usr/lib/jvm/java-7-openjdk-i386/jre/lib/i386/libverify.so
b76ed000-b76f9000 r-xp 00000000 08:06 663745     /usr/lib/jvm/java-7-openjdk-i386/jre/lib/i386/jli/libjli.so
b76f9000-b76fa000 r--p 0000c000 08:06 663745     /usr/lib/jvm/java-7-openjdk-i386/jre/lib/i386/jli/libjli.so
b76fa000-b76fb000 rw-p 0000d000 08:06 663745     /usr/lib/jvm/java-7-openjdk-i386/jre/lib/i386/jli/libjli.so
b76fb000-b76fe000 rw-p 00000000 00:00 0 
b76fe000-b76ff000 r-xp 00000000 00:00 0          [vdso]
b76ff000-b771f000 r-xp 00000000 08:06 3801223    /lib/i386-linux-gnu/ld-2.15.so
b771f000-b7720000 r--p 0001f000 08:06 3801223    /lib/i386-linux-gnu/ld-2.15.so
b7720000-b7721000 rw-p 00020000 08:06 3801223    /lib/i386-linux-gnu/ld-2.15.so
bfb6b000-bfb8c000 rw-p 00000000 00:00 0          [stack]

VM Arguments:
jvm_args: -Dfile.encoding=UTF-8 -Xbootclasspath:/home/elotro/Desktop/adt-bundle-linux-x86/sdk/platforms/android-4.2/android.jar 
java_command: com.example.itsfire.Sender
Launcher Type: SUN_STANDARD

Environment Variables:
PATH=/usr/lib/lightdm/lightdm:/usr/local/sbin:/usr/local/bin:/usr/sbin:/usr/bin:/sbin:/bin:/usr/games
LD_LIBRARY_PATH=/usr/lib/jvm/java-7-openjdk-i386/jre/lib/i386/server:/usr/lib/jvm/java-7-openjdk-i386/jre/lib/i386:/usr/lib/jvm/java-7-openjdk-i386/jre/../lib/i386:/usr/lib/jvm/java-7-openjdk-i386/jre/lib/i386/client:/usr/lib/jvm/java-7-openjdk-i386/jre/lib/i386:
SHELL=/bin/bash
DISPLAY=:0.0

Signal Handlers:
SIGSEGV: [libjvm.so+0x753930], sa_mask[0]=0x7ffbfeff, sa_flags=0x10000004
SIGBUS: [libjvm.so+0x753930], sa_mask[0]=0x7ffbfeff, sa_flags=0x10000004
SIGFPE: [libjvm.so+0x5e94a0], sa_mask[0]=0x7ffbfeff, sa_flags=0x10000004
SIGPIPE: [libjvm.so+0x5e94a0], sa_mask[0]=0x7ffbfeff, sa_flags=0x10000004
SIGXFSZ: [libjvm.so+0x5e94a0], sa_mask[0]=0x7ffbfeff, sa_flags=0x10000004
SIGILL: [libjvm.so+0x5e94a0], sa_mask[0]=0x7ffbfeff, sa_flags=0x10000004
SIGUSR1: SIG_DFL, sa_mask[0]=0x00000000, sa_flags=0x00000000
SIGUSR2: [libjvm.so+0x5e9330], sa_mask[0]=0x00000004, sa_flags=0x10000004
SIGHUP: SIG_DFL, sa_mask[0]=0x00000000, sa_flags=0x00000000
SIGINT: SIG_DFL, sa_mask[0]=0x00000000, sa_flags=0x00000000
SIGTERM: SIG_DFL, sa_mask[0]=0x00000000, sa_flags=0x00000000
SIGQUIT: SIG_DFL, sa_mask[0]=0x00000000, sa_flags=0x00000000


---------------  S Y S T E M  ---------------

OS:Ubuntu 12.04 (precise)
uname:Linux 3.2.0-34-generic-pae #53-Ubuntu SMP Thu Nov 15 11:11:12 UTC 2012 i686
libc:glibc 2.15 NPTL 2.15 
rlimit: STACK 8192k, CORE 0k, NPROC 15426, NOFILE 4096, AS infinity
load average:1.38 1.02 0.93

/proc/meminfo:
MemTotal:        1989160 kB
MemFree:          169420 kB
Buffers:           58580 kB
Cached:           417620 kB
SwapCached:        22840 kB
Active:          1059120 kB
Inactive:         638480 kB
Active(anon):     885652 kB
Inactive(anon):   513948 kB
Active(file):     173468 kB
Inactive(file):   124532 kB
Unevictable:          16 kB
Mlocked:              16 kB
HighTotal:       1110688 kB
HighFree:          29036 kB
LowTotal:         878472 kB
LowFree:          140384 kB
SwapTotal:       3905532 kB
SwapFree:        3707960 kB
Dirty:               216 kB
Writeback:             0 kB
AnonPages:       1200132 kB
Mapped:           101412 kB
Shmem:            178200 kB
Slab:              78168 kB
SReclaimable:      57200 kB
SUnreclaim:        20968 kB
KernelStack:        4160 kB
PageTables:        16248 kB
NFS_Unstable:          0 kB
Bounce:                0 kB
WritebackTmp:          0 kB
CommitLimit:     4900112 kB
Committed_AS:    5099384 kB
VmallocTotal:     122880 kB
VmallocUsed:       16516 kB
VmallocChunk:     104980 kB
HardwareCorrupted:     0 kB
AnonHugePages:         0 kB
HugePages_Total:       0
HugePages_Free:        0
HugePages_Rsvd:        0
HugePages_Surp:        0
Hugepagesize:       2048 kB
DirectMap4k:       10232 kB
DirectMap2M:      903168 kB


CPU:total 2 (2 cores per cpu, 1 threads per core) family 6 model 23 stepping 10, cmov, cx8, fxsr, mmx, sse, sse2, sse3, ssse3, tsc

/proc/cpuinfo:
processor	: 0
vendor_id	: GenuineIntel
cpu family	: 6
model		: 23
model name	: Pentium(R) Dual-Core CPU       T4500  @ 2.30GHz
stepping	: 10
microcode	: 0xa0b
cpu MHz		: 2300.000
cache size	: 1024 KB
physical id	: 0
siblings	: 2
core id		: 0
cpu cores	: 2
apicid		: 0
initial apicid	: 0
fdiv_bug	: no
hlt_bug		: no
f00f_bug	: no
coma_bug	: no
fpu		: yes
fpu_exception	: yes
cpuid level	: 13
wp		: yes
flags		: fpu vme de pse tsc msr pae mce cx8 apic sep mtrr pge mca cmov pat pse36 clflush dts acpi mmx fxsr sse sse2 ss ht tm pbe nx lm constant_tsc arch_perfmon pebs bts aperfmperf pni dtes64 monitor ds_cpl est tm2 ssse3 cx16 xtpr pdcm xsave lahf_lm dtherm
bogomips	: 4588.55
clflush size	: 64
cache_alignment	: 64
address sizes	: 36 bits physical, 48 bits virtual
power management:

processor	: 1
vendor_id	: GenuineIntel
cpu family	: 6
model		: 23
model name	: Pentium(R) Dual-Core CPU       T4500  @ 2.30GHz
stepping	: 10
microcode	: 0xa0b
cpu MHz		: 2300.000
cache size	: 1024 KB
physical id	: 0
siblings	: 2
core id		: 1
cpu cores	: 2
apicid		: 1
initial apicid	: 1
fdiv_bug	: no
hlt_bug		: no
f00f_bug	: no
coma_bug	: no
fpu		: yes
fpu_exception	: yes
cpuid level	: 13
wp		: yes
flags		: fpu vme de pse tsc msr pae mce cx8 apic sep mtrr pge mca cmov pat pse36 clflush dts acpi mmx fxsr sse sse2 ss ht tm pbe nx lm constant_tsc arch_perfmon pebs bts aperfmperf pni dtes64 monitor ds_cpl est tm2 ssse3 cx16 xtpr pdcm xsave lahf_lm dtherm
bogomips	: 4588.44
clflush size	: 64
cache_alignment	: 64
address sizes	: 36 bits physical, 48 bits virtual
power management:



Memory: 4k page, physical 1989160k(169420k free), swap 3905532k(3707960k free)

vm_info: OpenJDK Server VM (23.2-b09) for linux-x86 JRE (1.7.0_09-b30), built on Oct 24 2012 18:55:39 by "buildd" with gcc 4.6.3

time: Tue Dec  4 11:52:25 2012
elapsed time: 0 seconds

