#
# A fatal error has been detected by the Java Runtime Environment:
#
#  Internal Error (classFileParser.cpp:3494), pid=7196, tid=1976
#  Error: ShouldNotReachHere()
#
# JRE version: 6.0_27-b07
# Java VM: Java HotSpot(TM) 64-Bit Server VM (20.2-b06 mixed mode windows-amd64 compressed oops)
# If you would like to submit a bug report, please visit:
#   http://java.sun.com/webapps/bugreport/crash.jsp
#

---------------  T H R E A D  ---------------

Current thread (0x00000000001eb800):  JavaThread "Unknown thread" [_thread_in_vm, id=1976, stack(0x0000000001f80000,0x0000000002080000)]

Stack: [0x0000000001f80000,0x0000000002080000]
[error occurred during error reporting (printing stack bounds), id 0xc0000005]


---------------  P R O C E S S  ---------------

Java Threads: ( => current thread )

Other Threads:

=>0x00000000001eb800 (exited) JavaThread "Unknown thread" [_thread_in_vm, id=1976, stack(0x0000000001f80000,0x0000000002080000)]

VM state:not at safepoint (not fully initialized)

VM Mutex/Monitor currently owned by a thread: None

Dynamic libraries:
0x0000000000400000 - 0x000000000042e000 	C:\Program Files\Java\jre6\bin\javaw.exe
0x0000000077880000 - 0x0000000077a29000 	C:\windows\SYSTEM32\ntdll.dll
0x0000000077610000 - 0x000000007772f000 	C:\windows\system32\kernel32.dll
0x000007fefdf20000 - 0x000007fefdf8c000 	C:\windows\system32\KERNELBASE.dll
0x000007fefe0f0000 - 0x000007fefe1cb000 	C:\windows\system32\ADVAPI32.dll
0x000007fefe1d0000 - 0x000007fefe26f000 	C:\windows\system32\msvcrt.dll
0x000007feff270000 - 0x000007feff28f000 	C:\windows\SYSTEM32\sechost.dll
0x000007feff470000 - 0x000007feff59d000 	C:\windows\system32\RPCRT4.dll
0x0000000077510000 - 0x000000007760a000 	C:\windows\system32\USER32.dll
0x000007feff7c0000 - 0x000007feff827000 	C:\windows\system32\GDI32.dll
0x000007fefe0b0000 - 0x000007fefe0be000 	C:\windows\system32\LPK.dll
0x000007feff3a0000 - 0x000007feff469000 	C:\windows\system32\USP10.dll
0x000007fefe0c0000 - 0x000007fefe0ee000 	C:\windows\system32\IMM32.DLL
0x000007feff290000 - 0x000007feff399000 	C:\windows\system32\MSCTF.dll
0x000000006d7f0000 - 0x000000006dfa8000 	C:\Program Files\Java\jre6\bin\server\jvm.dll
0x000007fefc300000 - 0x000007fefc33b000 	C:\windows\system32\WINMM.dll
0x000000006d760000 - 0x000000006d76e000 	C:\Program Files\Java\jre6\bin\verify.dll
0x000000006d3b0000 - 0x000000006d3d7000 	C:\Program Files\Java\jre6\bin\java.dll
0x000000006d7b0000 - 0x000000006d7c2000 	C:\Program Files\Java\jre6\bin\zip.dll
0x0000000077a50000 - 0x0000000077a57000 	C:\windows\system32\PSAPI.DLL

VM Arguments:
jvm_args: -Dfile.encoding=Cp1252 -Xbootclasspath:C:\Users\ciuhrii\Desktop\Android-SDK\platforms\android-17\android.jar 
java_command: com.example.cloud.MyBroadcastReceiver
Launcher Type: SUN_STANDARD

Environment Variables:
PATH=C:\Program Files\Common Files\Microsoft Shared\Windows Live;C:\Program Files (x86)\Common Files\Microsoft Shared\Windows Live;C:\windows\system32;C:\windows;C:\windows\System32\Wbem;C:\windows\System32\WindowsPowerShell\v1.0\;c:\Program Files (x86)\Common Files\Roxio Shared\DLLShared\;c:\Program Files (x86)\Common Files\Roxio Shared\OEM\DLLShared\;c:\Program Files (x86)\Common Files\Roxio Shared\OEM\DLLShared\;c:\Program Files (x86)\Common Files\Roxio Shared\OEM\12.0\DLLShared\;c:\Program Files (x86)\Roxio\OEM\AudioCore\;C:\Program Files\WIDCOMM\Bluetooth Software\;C:\Program Files\WIDCOMM\Bluetooth Software\syswow64;C:\Program Files (x86)\Windows Live\Shared;C:\Users\ciuhrii\Desktop\CouchApp\Couchapp
USERNAME=ciuhrii
OS=Windows_NT
PROCESSOR_IDENTIFIER=Intel64 Family 6 Model 42 Stepping 7, GenuineIntel



---------------  S Y S T E M  ---------------

OS: Windows 7 , 64 bit Build 7601 Service Pack 1

CPU:total 4 (2 cores per cpu, 2 threads per core) family 6 model 42 stepping 7, cmov, cx8, fxsr, mmx, sse, sse2, sse3, ssse3, sse4.1, sse4.2, popcnt, ht

Memory: 4k page, physical 4100376k(1412252k free), swap 8198900k(4041616k free)

vm_info: Java HotSpot(TM) 64-Bit Server VM (20.2-b06) for windows-amd64 JRE (1.6.0_27-b07), built on Jul 19 2011 01:08:22 by "java_re" with MS VC++ 8.0 (VS2005)

time: Wed Nov 28 19:08:23 2012
elapsed time: 0 seconds

