#
# A fatal error has been detected by the Java Runtime Environment:
#
#  Internal Error (javaClasses.cpp:129), pid=6643, tid=3060722496
#  fatal error: Invalid layout of preloaded class
#
# JRE version: 7.0_09-b30
# Java VM: OpenJDK Server VM (23.2-b09 mixed mode linux-x86 )
# Failed to write core dump. Core dumps have been disabled. To enable core dumping, try "ulimit -c unlimited" before starting Java again
#
# If you would like to submit a bug report, please include
# instructions on how to reproduce the bug and visit:
#   https://bugs.launchpad.net/ubuntu/+source/openjdk-7/
#

---------------  T H R E A D  ---------------

Current thread (0xb6506800):  JavaThread "Unknown thread" [_thread_in_vm, id=6644, stack(0xb669e000,0xb66ef000)]

Stack: [0xb669e000,0xb66ef000]

[error occurred during error reporting (printing native stack), id 0xb]


---------------  P R O C E S S  ---------------

Java Threads: ( => current thread )

Other Threads:

=>0xb6506800 (exited) JavaThread "Unknown thread" [_thread_in_vm, id=6644, stack(0xb669e000,0xb66ef000)]

VM state:not at safepoint (not fully initialized)

VM Mutex/Monitor currently owned by a thread: None

GC Heap History (0 events):
No events

Deoptimization events (0 events):
No events

Internal exceptions (0 events):
No events

Events (10 events):
Event: 0.073 loading class 0xb65319d8 done
Event: 0.073 loading class 0xb6531318 done
Event: 0.073 loading class 0xb65312f0
Event: 0.074 loading class 0xb65511b8
Event: 0.118 loading class 0xb65511b8 done
Event: 0.118 loading class 0xb65511f0
Event: 0.118 loading class 0xb65511f0 done
Event: 0.118 loading class 0xb6551228
Event: 0.118 loading class 0xb6551228 done
Event: 0.118 loading class 0xb65312f0 done


Dynamic libraries:
08048000-08049000 r-xp 00000000 08:06 663703     /usr/lib/jvm/java-7-openjdk-i386/jre/bin/java
08049000-0804a000 r--p 00000000 08:06 663703     /usr/lib/jvm/java-7-openjdk-i386/jre/bin/java
0804a000-0804b000 rw-p 00001000 08:06 663703     /usr/lib/jvm/java-7-openjdk-i386/jre/bin/java
08c71000-08c92000 rw-p 00000000 00:00 0          [heap]
893c0000-8ae00000 rw-p 00000000 00:00 0 
8ae00000-8ae21000 rw-p 00000000 00:00 0 
8ae21000-8af00000 ---p 00000000 00:00 0 
8af17000-8af3b000 rw-p 00000000 00:00 0 
8af3b000-8b000000 r--s 0115c000 08:06 1052076    /home/elotro/Desktop/adt-bundle-linux-x86/sdk/platforms/android-4.2/android.jar
8b000000-8b021000 rw-p 00000000 00:00 0 
8b021000-8b100000 ---p 00000000 00:00 0 
8b112000-8b113000 ---p 00000000 00:00 0 
8b113000-8b193000 rw-p 00000000 00:00 0 
8b193000-8b194000 ---p 00000000 00:00 0 
8b194000-8b21c000 rw-p 00000000 00:00 0 
8b21c000-8b254000 rw-p 00000000 00:00 0 
8b254000-8b25f000 rw-p 00000000 00:00 0 
8b25f000-8b2ff000 rw-p 00000000 00:00 0 
8b2ff000-8b307000 rw-p 00000000 00:00 0 
8b307000-8b33f000 rw-p 00000000 00:00 0 
8b33f000-8b34a000 rw-p 00000000 00:00 0 
8b34a000-8b3e9000 rw-p 00000000 00:00 0 
8b3e9000-8b3ef000 rw-p 00000000 00:00 0 
8b3ef000-8b43f000 rw-p 00000000 00:00 0 
8b43f000-8c440000 rw-p 00000000 00:00 0 
8c440000-93440000 rw-p 00000000 00:00 0 
93440000-94880000 rw-p 00000000 00:00 0 
94880000-a89a0000 rw-p 00000000 00:00 0 
a89a0000-a93c0000 rw-p 00000000 00:00 0 
a93c0000-b3440000 rw-p 00000000 00:00 0 
b3440000-b3449000 rw-p 00000000 00:00 0 
b3449000-b3500000 rw-p 00000000 00:00 0 
b3500000-b3740000 rwxp 00000000 00:00 0 
b3740000-b6553000 rw-p 00000000 00:00 0 
b6553000-b6600000 ---p 00000000 00:00 0 
b6615000-b661d000 r-xp 00000000 08:06 663741     /usr/lib/jvm/java-7-openjdk-i386/jre/lib/i386/libzip.so
b661d000-b661e000 r--p 00007000 08:06 663741     /usr/lib/jvm/java-7-openjdk-i386/jre/lib/i386/libzip.so
b661e000-b661f000 rw-p 00008000 08:06 663741     /usr/lib/jvm/java-7-openjdk-i386/jre/lib/i386/libzip.so
b661f000-b662a000 r-xp 00000000 08:06 3801215    /lib/i386-linux-gnu/libnss_files-2.15.so
b662a000-b662b000 r--p 0000a000 08:06 3801215    /lib/i386-linux-gnu/libnss_files-2.15.so
b662b000-b662c000 rw-p 0000b000 08:06 3801215    /lib/i386-linux-gnu/libnss_files-2.15.so
b662c000-b6636000 r-xp 00000000 08:06 3801219    /lib/i386-linux-gnu/libnss_nis-2.15.so
b6636000-b6637000 r--p 00009000 08:06 3801219    /lib/i386-linux-gnu/libnss_nis-2.15.so
b6637000-b6638000 rw-p 0000a000 08:06 3801219    /lib/i386-linux-gnu/libnss_nis-2.15.so
b6638000-b664e000 r-xp 00000000 08:06 3805202    /lib/i386-linux-gnu/libnsl-2.15.so
b664e000-b664f000 r--p 00015000 08:06 3805202    /lib/i386-linux-gnu/libnsl-2.15.so
b664f000-b6650000 rw-p 00016000 08:06 3805202    /lib/i386-linux-gnu/libnsl-2.15.so
b6650000-b6652000 rw-p 00000000 00:00 0 
b6652000-b6659000 r-xp 00000000 08:06 3801213    /lib/i386-linux-gnu/libnss_compat-2.15.so
b6659000-b665a000 r--p 00006000 08:06 3801213    /lib/i386-linux-gnu/libnss_compat-2.15.so
b665a000-b665b000 rw-p 00007000 08:06 3801213    /lib/i386-linux-gnu/libnss_compat-2.15.so
b6664000-b666c000 rw-s 00000000 08:06 4980773    /tmp/hsperfdata_elotro/6643
b666c000-b6693000 r-xp 00000000 08:06 663736     /usr/lib/jvm/java-7-openjdk-i386/jre/lib/i386/libjava.so
b6693000-b6694000 r--p 00026000 08:06 663736     /usr/lib/jvm/java-7-openjdk-i386/jre/lib/i386/libjava.so
b6694000-b6695000 rw-p 00027000 08:06 663736     /usr/lib/jvm/java-7-openjdk-i386/jre/lib/i386/libjava.so
b6695000-b669c000 r-xp 00000000 08:06 3801218    /lib/i386-linux-gnu/librt-2.15.so
b669c000-b669d000 r--p 00006000 08:06 3801218    /lib/i386-linux-gnu/librt-2.15.so
b669d000-b669e000 rw-p 00007000 08:06 3801218    /lib/i386-linux-gnu/librt-2.15.so
b669e000-b66a1000 ---p 00000000 00:00 0 
b66a1000-b66ef000 rw-p 00000000 00:00 0 
b66ef000-b670b000 r-xp 00000000 08:06 3802036    /lib/i386-linux-gnu/libgcc_s.so.1
b670b000-b670c000 r--p 0001b000 08:06 3802036    /lib/i386-linux-gnu/libgcc_s.so.1
b670c000-b670d000 rw-p 0001c000 08:06 3802036    /lib/i386-linux-gnu/libgcc_s.so.1
b670d000-b6737000 r-xp 00000000 08:06 3801222    /lib/i386-linux-gnu/libm-2.15.so
b6737000-b6738000 r--p 00029000 08:06 3801222    /lib/i386-linux-gnu/libm-2.15.so
b6738000-b6739000 rw-p 0002a000 08:06 3801222    /lib/i386-linux-gnu/libm-2.15.so
b6739000-b6811000 r-xp 00000000 08:06 136118     /usr/lib/i386-linux-gnu/libstdc++.so.6.0.16
b6811000-b6812000 ---p 000d8000 08:06 136118     /usr/lib/i386-linux-gnu/libstdc++.so.6.0.16
b6812000-b6816000 r--p 000d8000 08:06 136118     /usr/lib/i386-linux-gnu/libstdc++.so.6.0.16
b6816000-b6817000 rw-p 000dc000 08:06 136118     /usr/lib/i386-linux-gnu/libstdc++.so.6.0.16
b6817000-b681e000 rw-p 00000000 00:00 0 
b681e000-b7103000 r-xp 00000000 08:06 663755     /usr/lib/jvm/java-7-openjdk-i386/jre/lib/i386/server/libjvm.so
b7103000-b714a000 r--p 008e4000 08:06 663755     /usr/lib/jvm/java-7-openjdk-i386/jre/lib/i386/server/libjvm.so
b714a000-b715e000 rw-p 0092b000 08:06 663755     /usr/lib/jvm/java-7-openjdk-i386/jre/lib/i386/server/libjvm.so
b715e000-b757c000 rw-p 00000000 00:00 0 
b757c000-b7590000 r-xp 00000000 08:06 3802126    /lib/i386-linux-gnu/libz.so.1.2.3.4
b7590000-b7591000 r--p 00013000 08:06 3802126    /lib/i386-linux-gnu/libz.so.1.2.3.4
b7591000-b7592000 rw-p 00014000 08:06 3802126    /lib/i386-linux-gnu/libz.so.1.2.3.4
b7592000-b75a9000 r-xp 00000000 08:06 3801220    /lib/i386-linux-gnu/libpthread-2.15.so
b75a9000-b75aa000 r--p 00016000 08:06 3801220    /lib/i386-linux-gnu/libpthread-2.15.so
b75aa000-b75ab000 rw-p 00017000 08:06 3801220    /lib/i386-linux-gnu/libpthread-2.15.so
b75ab000-b75ad000 rw-p 00000000 00:00 0 
b75ad000-b75b0000 r-xp 00000000 08:06 3802173    /lib/i386-linux-gnu/libdl-2.15.so
b75b0000-b75b1000 r--p 00002000 08:06 3802173    /lib/i386-linux-gnu/libdl-2.15.so
b75b1000-b75b2000 rw-p 00003000 08:06 3802173    /lib/i386-linux-gnu/libdl-2.15.so
b75b2000-b7755000 r-xp 00000000 08:06 3801211    /lib/i386-linux-gnu/libc-2.15.so
b7755000-b7756000 ---p 001a3000 08:06 3801211    /lib/i386-linux-gnu/libc-2.15.so
b7756000-b7758000 r--p 001a3000 08:06 3801211    /lib/i386-linux-gnu/libc-2.15.so
b7758000-b7759000 rw-p 001a5000 08:06 3801211    /lib/i386-linux-gnu/libc-2.15.so
b7759000-b775c000 rw-p 00000000 00:00 0 
b775d000-b775e000 rw-p 00000000 00:00 0 
b775e000-b775f000 r--p 00000000 00:00 0 
b775f000-b776b000 r-xp 00000000 08:06 663761     /usr/lib/jvm/java-7-openjdk-i386/jre/lib/i386/libverify.so
b776b000-b776c000 r--p 0000b000 08:06 663761     /usr/lib/jvm/java-7-openjdk-i386/jre/lib/i386/libverify.so
b776c000-b776d000 rw-p 0000c000 08:06 663761     /usr/lib/jvm/java-7-openjdk-i386/jre/lib/i386/libverify.so
b776d000-b7779000 r-xp 00000000 08:06 663745     /usr/lib/jvm/java-7-openjdk-i386/jre/lib/i386/jli/libjli.so
b7779000-b777a000 r--p 0000c000 08:06 663745     /usr/lib/jvm/java-7-openjdk-i386/jre/lib/i386/jli/libjli.so
b777a000-b777b000 rw-p 0000d000 08:06 663745     /usr/lib/jvm/java-7-openjdk-i386/jre/lib/i386/jli/libjli.so
b777b000-b777e000 rw-p 00000000 00:00 0 
b777e000-b777f000 r-xp 00000000 00:00 0          [vdso]
b777f000-b779f000 r-xp 00000000 08:06 3801223    /lib/i386-linux-gnu/ld-2.15.so
b779f000-b77a0000 r--p 0001f000 08:06 3801223    /lib/i386-linux-gnu/ld-2.15.so
b77a0000-b77a1000 rw-p 00020000 08:06 3801223    /lib/i386-linux-gnu/ld-2.15.so
bfa97000-bfab8000 rw-p 00000000 00:00 0          [stack]

VM Arguments:
jvm_args: -Dfile.encoding=UTF-8 -Xbootclasspath:/home/elotro/Desktop/adt-bundle-linux-x86/sdk/platforms/android-4.2/android.jar 
java_command: com.example.itsfire.Sender
Launcher Type: SUN_STANDARD

Environment Variables:
PATH=/usr/lib/lightdm/lightdm:/usr/local/sbin:/usr/local/bin:/usr/sbin:/usr/bin:/sbin:/bin:/usr/games
LD_LIBRARY_PATH=/usr/lib/jvm/java-7-openjdk-i386/jre/lib/i386/server:/usr/lib/jvm/java-7-openjdk-i386/jre/lib/i386:/usr/lib/jvm/java-7-openjdk-i386/jre/../lib/i386:/usr/lib/jvm/java-7-openjdk-i386/jre/lib/i386/client:/usr/lib/jvm/java-7-openjdk-i386/jre/lib/i386:
SHELL=/bin/bash
DISPLAY=:0.0

Signal Handlers:
SIGSEGV: [libjvm.so+0x753930], sa_mask[0]=0x7ffbfeff, sa_flags=0x10000004
SIGBUS: [libjvm.so+0x753930], sa_mask[0]=0x7ffbfeff, sa_flags=0x10000004
SIGFPE: [libjvm.so+0x5e94a0], sa_mask[0]=0x7ffbfeff, sa_flags=0x10000004
SIGPIPE: [libjvm.so+0x5e94a0], sa_mask[0]=0x7ffbfeff, sa_flags=0x10000004
SIGXFSZ: [libjvm.so+0x5e94a0], sa_mask[0]=0x7ffbfeff, sa_flags=0x10000004
SIGILL: [libjvm.so+0x5e94a0], sa_mask[0]=0x7ffbfeff, sa_flags=0x10000004
SIGUSR1: SIG_DFL, sa_mask[0]=0x00000000, sa_flags=0x00000000
SIGUSR2: [libjvm.so+0x5e9330], sa_mask[0]=0x00000004, sa_flags=0x10000004
SIGHUP: SIG_DFL, sa_mask[0]=0x00000000, sa_flags=0x00000000
SIGINT: SIG_DFL, sa_mask[0]=0x00000000, sa_flags=0x00000000
SIGTERM: SIG_DFL, sa_mask[0]=0x00000000, sa_flags=0x00000000
SIGQUIT: SIG_DFL, sa_mask[0]=0x00000000, sa_flags=0x00000000


---------------  S Y S T E M  ---------------

OS:Ubuntu 12.04 (precise)
uname:Linux 3.2.0-34-generic-pae #53-Ubuntu SMP Thu Nov 15 11:11:12 UTC 2012 i686
libc:glibc 2.15 NPTL 2.15 
rlimit: STACK 8192k, CORE 0k, NPROC 15426, NOFILE 4096, AS infinity
load average:0.80 0.81 0.86

/proc/meminfo:
MemTotal:        1989160 kB
MemFree:          234192 kB
Buffers:           59544 kB
Cached:           354204 kB
SwapCached:        33720 kB
Active:           978848 kB
Inactive:         656472 kB
Active(anon):     867312 kB
Inactive(anon):   527700 kB
Active(file):     111536 kB
Inactive(file):   128772 kB
Unevictable:          16 kB
Mlocked:              16 kB
HighTotal:       1110688 kB
HighFree:          56068 kB
LowTotal:         878472 kB
LowFree:          178124 kB
SwapTotal:       3905532 kB
SwapFree:        3706168 kB
Dirty:               288 kB
Writeback:             0 kB
AnonPages:       1189620 kB
Mapped:            99348 kB
Shmem:            173204 kB
Slab:              76064 kB
SReclaimable:      55068 kB
SUnreclaim:        20996 kB
KernelStack:        4144 kB
PageTables:        16168 kB
NFS_Unstable:          0 kB
Bounce:                0 kB
WritebackTmp:          0 kB
CommitLimit:     4900112 kB
Committed_AS:    5080780 kB
VmallocTotal:     122880 kB
VmallocUsed:       16516 kB
VmallocChunk:     104980 kB
HardwareCorrupted:     0 kB
AnonHugePages:         0 kB
HugePages_Total:       0
HugePages_Free:        0
HugePages_Rsvd:        0
HugePages_Surp:        0
Hugepagesize:       2048 kB
DirectMap4k:       10232 kB
DirectMap2M:      903168 kB


CPU:total 2 (2 cores per cpu, 1 threads per core) family 6 model 23 stepping 10, cmov, cx8, fxsr, mmx, sse, sse2, sse3, ssse3, tsc

/proc/cpuinfo:
processor	: 0
vendor_id	: GenuineIntel
cpu family	: 6
model		: 23
model name	: Pentium(R) Dual-Core CPU       T4500  @ 2.30GHz
stepping	: 10
microcode	: 0xa0b
cpu MHz		: 2300.000
cache size	: 1024 KB
physical id	: 0
siblings	: 2
core id		: 0
cpu cores	: 2
apicid		: 0
initial apicid	: 0
fdiv_bug	: no
hlt_bug		: no
f00f_bug	: no
coma_bug	: no
fpu		: yes
fpu_exception	: yes
cpuid level	: 13
wp		: yes
flags		: fpu vme de pse tsc msr pae mce cx8 apic sep mtrr pge mca cmov pat pse36 clflush dts acpi mmx fxsr sse sse2 ss ht tm pbe nx lm constant_tsc arch_perfmon pebs bts aperfmperf pni dtes64 monitor ds_cpl est tm2 ssse3 cx16 xtpr pdcm xsave lahf_lm dtherm
bogomips	: 4588.55
clflush size	: 64
cache_alignment	: 64
address sizes	: 36 bits physical, 48 bits virtual
power management:

processor	: 1
vendor_id	: GenuineIntel
cpu family	: 6
model		: 23
model name	: Pentium(R) Dual-Core CPU       T4500  @ 2.30GHz
stepping	: 10
microcode	: 0xa0b
cpu MHz		: 1600.000
cache size	: 1024 KB
physical id	: 0
siblings	: 2
core id		: 1
cpu cores	: 2
apicid		: 1
initial apicid	: 1
fdiv_bug	: no
hlt_bug		: no
f00f_bug	: no
coma_bug	: no
fpu		: yes
fpu_exception	: yes
cpuid level	: 13
wp		: yes
flags		: fpu vme de pse tsc msr pae mce cx8 apic sep mtrr pge mca cmov pat pse36 clflush dts acpi mmx fxsr sse sse2 ss ht tm pbe nx lm constant_tsc arch_perfmon pebs bts aperfmperf pni dtes64 monitor ds_cpl est tm2 ssse3 cx16 xtpr pdcm xsave lahf_lm dtherm
bogomips	: 4588.44
clflush size	: 64
cache_alignment	: 64
address sizes	: 36 bits physical, 48 bits virtual
power management:



Memory: 4k page, physical 1989160k(234192k free), swap 3905532k(3706168k free)

vm_info: OpenJDK Server VM (23.2-b09) for linux-x86 JRE (1.7.0_09-b30), built on Oct 24 2012 18:55:39 by "buildd" with gcc 4.6.3

time: Tue Dec  4 11:50:41 2012
elapsed time: 0 seconds

